Performing C SOURCE FILE Test CMAKE_HAVE_LIBC_PTHREAD failed with the following output:
Change Dir: /home/chris/catkin_ws/build/CMakeFiles/CMakeTmp

Run Build Command(s):/usr/bin/make cmTC_a96c1/fast && /usr/bin/make  -f CMakeFiles/cmTC_a96c1.dir/build.make CMakeFiles/cmTC_a96c1.dir/build
make[1]: Entering directory '/home/chris/catkin_ws/build/CMakeFiles/CMakeTmp'
Building C object CMakeFiles/cmTC_a96c1.dir/src.c.o
/usr/bin/cc   -DCMAKE_HAVE_LIBC_PTHREAD   -o CMakeFiles/cmTC_a96c1.dir/src.c.o   -c /home/chris/catkin_ws/build/CMakeFiles/CMakeTmp/src.c
Linking C executable cmTC_a96c1
/home/chris/.local/lib/python2.7/site-packages/cmake/data/bin/cmake -E cmake_link_script CMakeFiles/cmTC_a96c1.dir/link.txt --verbose=1
/usr/bin/cc  -DCMAKE_HAVE_LIBC_PTHREAD    -rdynamic CMakeFiles/cmTC_a96c1.dir/src.c.o  -o cmTC_a96c1 
CMakeFiles/cmTC_a96c1.dir/src.c.o: In function `main':
src.c:(.text+0x3e): undefined reference to `pthread_create'
src.c:(.text+0x4a): undefined reference to `pthread_detach'
src.c:(.text+0x56): undefined reference to `pthread_cancel'
src.c:(.text+0x67): undefined reference to `pthread_join'
src.c:(.text+0x7b): undefined reference to `pthread_atfork'
collect2: error: ld returned 1 exit status
CMakeFiles/cmTC_a96c1.dir/build.make:106: recipe for target 'cmTC_a96c1' failed
make[1]: *** [cmTC_a96c1] Error 1
make[1]: Leaving directory '/home/chris/catkin_ws/build/CMakeFiles/CMakeTmp'
Makefile:141: recipe for target 'cmTC_a96c1/fast' failed
make: *** [cmTC_a96c1/fast] Error 2


Source file was:
#include <pthread.h>

void* test_func(void* data)
{
  return data;
}

int main(void)
{
  pthread_t thread;
  pthread_create(&thread, NULL, test_func, NULL);
  pthread_detach(thread);
  pthread_cancel(thread);
  pthread_join(thread, NULL);
  pthread_atfork(NULL, NULL, NULL);
  pthread_exit(NULL);

  return 0;
}

Determining if the function pthread_create exists in the pthreads failed with the following output:
Change Dir: /home/chris/catkin_ws/build/CMakeFiles/CMakeTmp

Run Build Command(s):/usr/bin/make cmTC_c514a/fast && /usr/bin/make  -f CMakeFiles/cmTC_c514a.dir/build.make CMakeFiles/cmTC_c514a.dir/build
make[1]: Entering directory '/home/chris/catkin_ws/build/CMakeFiles/CMakeTmp'
Building C object CMakeFiles/cmTC_c514a.dir/CheckFunctionExists.c.o
/usr/bin/cc   -DCHECK_FUNCTION_EXISTS=pthread_create   -o CMakeFiles/cmTC_c514a.dir/CheckFunctionExists.c.o   -c /home/chris/.local/lib/python2.7/site-packages/cmake/data/share/cmake-3.17/Modules/CheckFunctionExists.c
Linking C executable cmTC_c514a
/home/chris/.local/lib/python2.7/site-packages/cmake/data/bin/cmake -E cmake_link_script CMakeFiles/cmTC_c514a.dir/link.txt --verbose=1
/usr/bin/cc  -DCHECK_FUNCTION_EXISTS=pthread_create    -rdynamic CMakeFiles/cmTC_c514a.dir/CheckFunctionExists.c.o  -o cmTC_c514a  -lpthreads 
/usr/bin/ld: cannot find -lpthreads
collect2: error: ld returned 1 exit status
CMakeFiles/cmTC_c514a.dir/build.make:106: recipe for target 'cmTC_c514a' failed
make[1]: *** [cmTC_c514a] Error 1
make[1]: Leaving directory '/home/chris/catkin_ws/build/CMakeFiles/CMakeTmp'
Makefile:141: recipe for target 'cmTC_c514a/fast' failed
make: *** [cmTC_c514a/fast] Error 2



Determining if the pthread_create exist failed with the following output:
Change Dir: /home/chris/catkin_ws/build/CMakeFiles/CMakeTmp

Run Build Command:"/usr/bin/make" "cmTC_8ab0c/fast"
/usr/bin/make -f CMakeFiles/cmTC_8ab0c.dir/build.make CMakeFiles/cmTC_8ab0c.dir/build
make[1]: Entering directory '/home/chris/catkin_ws/build/CMakeFiles/CMakeTmp'
Building C object CMakeFiles/cmTC_8ab0c.dir/CheckSymbolExists.c.o
/usr/bin/cc    -o CMakeFiles/cmTC_8ab0c.dir/CheckSymbolExists.c.o   -c /home/chris/catkin_ws/build/CMakeFiles/CMakeTmp/CheckSymbolExists.c
Linking C executable cmTC_8ab0c
/usr/bin/cmake -E cmake_link_script CMakeFiles/cmTC_8ab0c.dir/link.txt --verbose=1
/usr/bin/cc      -rdynamic CMakeFiles/cmTC_8ab0c.dir/CheckSymbolExists.c.o  -o cmTC_8ab0c 
CMakeFiles/cmTC_8ab0c.dir/CheckSymbolExists.c.o: In function `main':
CheckSymbolExists.c:(.text+0x1b): undefined reference to `pthread_create'
collect2: error: ld returned 1 exit status
CMakeFiles/cmTC_8ab0c.dir/build.make:97: recipe for target 'cmTC_8ab0c' failed
make[1]: *** [cmTC_8ab0c] Error 1
make[1]: Leaving directory '/home/chris/catkin_ws/build/CMakeFiles/CMakeTmp'
Makefile:126: recipe for target 'cmTC_8ab0c/fast' failed
make: *** [cmTC_8ab0c/fast] Error 2

File /home/chris/catkin_ws/build/CMakeFiles/CMakeTmp/CheckSymbolExists.c:
/* */
#include <pthread.h>

int main(int argc, char** argv)
{
  (void)argv;
#ifndef pthread_create
  return ((int*)(&pthread_create))[argc];
#else
  (void)argc;
  return 0;
#endif
}

